<?xml version="1.0" encoding="UTF-8"?>
<!-- Generated by org.testng.reporters.JUnitXMLReporter -->
<testsuite hostname="ForeVision" name="TestChrome(failed)" tests="1" failures="1" timestamp="16 Dec 2019 14:41:54 GMT" time="0.03" errors="0">
  <testcase name="Login" time="0.011" classname="Grid1.paractice">
    <failure type="java.net.MalformedURLException" message="no protocol: manager">
      <![CDATA[java.net.MalformedURLException: no protocol: manager
	at java.net.URL.<init>(URL.java:610)
	at java.net.URL.<init>(URL.java:507)
	at java.net.URL.<init>(URL.java:456)
	at Grid1.paractice.Login(paractice.java:23)
	at java.util.concurrent.FutureTask.run(FutureTask.java:266)
	at java.util.concurrent.ThreadPoolExecutor.runWorker(ThreadPoolExecutor.java:1149)
	at java.util.concurrent.ThreadPoolExecutor$Worker.run(ThreadPoolExecutor.java:624)
	at java.lang.Thread.run(Thread.java:748)
... Removed 16 stack frames]]>
    </failure>
  </testcase> <!-- Login -->
</testsuite> <!-- TestChrome(failed) -->
