<?xml version="1.0" encoding="UTF-8"?>
<!-- Generated by org.testng.reporters.JUnitXMLReporter -->
<testsuite hostname="ForeVision" name="TestFireFox" tests="1" failures="1" timestamp="18 Dec 2019 16:37:26 GMT" time="0.038" errors="0">
  <testcase name="login" time="0.013" classname="Grid1.grid2">
    <failure type="java.net.MalformedURLException" message="no protocol: firefor">
      <![CDATA[java.net.MalformedURLException: no protocol: firefor
	at java.net.URL.<init>(URL.java:610)
	at java.net.URL.<init>(URL.java:507)
	at java.net.URL.<init>(URL.java:456)
	at Grid1.grid2.login(grid2.java:21)
	at java.util.concurrent.FutureTask.run(FutureTask.java:266)
	at java.util.concurrent.ThreadPoolExecutor.runWorker(ThreadPoolExecutor.java:1149)
	at java.util.concurrent.ThreadPoolExecutor$Worker.run(ThreadPoolExecutor.java:624)
	at java.lang.Thread.run(Thread.java:748)
... Removed 16 stack frames]]>
    </failure>
  </testcase> <!-- login -->
</testsuite> <!-- TestFireFox -->
