<?xml version="1.0" encoding="UTF-8"?>
<testng-results skipped="0" failed="0" total="2" passed="2">
  <reporter-output>
  </reporter-output>
  <suite name="Suite" duration-ms="61000" started-at="2019-12-17T14:52:50Z" finished-at="2019-12-17T14:53:51Z">
    <groups>
    </groups>
    <test name="TestFireFox" duration-ms="56842" started-at="2019-12-17T14:52:50Z" finished-at="2019-12-17T14:53:46Z">
      <class name="Grid2.Demo1">
        <test-method status="PASS" signature="login(java.lang.String, java.lang.String, java.lang.String)[pri:0, instance:Grid2.Demo1@573f2bb1]" name="login" duration-ms="56818" started-at="2019-12-17T20:22:50Z" finished-at="2019-12-17T20:23:46Z">
          <params>
            <param index="0">
              <value>
                <![CDATA[admin]]>
              </value>
            </param>
            <param index="1">
              <value>
                <![CDATA[http://localhost:4444/wd/hub]]>
              </value>
            </param>
            <param index="2">
              <value>
                <![CDATA[firefox]]>
              </value>
            </param>
          </params>
          <reporter-output>
          </reporter-output>
        </test-method> <!-- login -->
      </class> <!-- Grid2.Demo1 -->
    </test> <!-- TestFireFox -->
    <test name="TestChrome" duration-ms="61000" started-at="2019-12-17T14:52:50Z" finished-at="2019-12-17T14:53:51Z">
      <class name="Grid2.Demo1">
        <test-method status="PASS" signature="login(java.lang.String, java.lang.String, java.lang.String)[pri:0, instance:Grid2.Demo1@62ee68d8]" name="login" duration-ms="60978" started-at="2019-12-17T20:22:50Z" finished-at="2019-12-17T20:23:51Z">
          <params>
            <param index="0">
              <value>
                <![CDATA[admin]]>
              </value>
            </param>
            <param index="1">
              <value>
                <![CDATA[http://localhost:4444/wd/hub]]>
              </value>
            </param>
            <param index="2">
              <value>
                <![CDATA[chrome]]>
              </value>
            </param>
          </params>
          <reporter-output>
          </reporter-output>
        </test-method> <!-- login -->
      </class> <!-- Grid2.Demo1 -->
    </test> <!-- TestChrome -->
  </suite> <!-- Suite -->
</testng-results>
